<?xml version="1.0" encoding="UTF-8"?>
<!-- Generated by org.testng.reporters.JUnitXMLReporter -->
<testsuite hostname="QINDW143" ignored="0" name="Test" tests="11" failures="0" timestamp="22 Nov 2018 05:12:24 GMT" time="0.064" errors="0">
  <testcase name="@BeforeSuite Suite_Setup" time="5.914" classname="com.bonify.test.suites.Smoke_Tests">
    <failure type="org.openqa.selenium.NoSuchWindowException" message="Browsing context has been discarded
Build info: version: &amp;apos;3.14.0&amp;apos;, revision: &amp;apos;aacccce0&amp;apos;, time: &amp;apos;2018-08-02T20:05:20.749Z&amp;apos;
System info: host: &amp;apos;QINDW143&amp;apos;, ip: &amp;apos;192.168.128.74&amp;apos;, os.name: &amp;apos;Windows 10&amp;apos;, os.arch: &amp;apos;amd64&amp;apos;, os.version: &amp;apos;10.0&amp;apos;, java.version: &amp;apos;1.8.0_191&amp;apos;
Driver info: org.openqa.selenium.firefox.FirefoxDriver
Capabilities {acceptInsecureCerts: true, browserName: firefox, browserVersion: 62.0.2, javascriptEnabled: true, moz:accessibilityChecks: false, moz:headless: false, moz:processID: 21828, moz:profile: C:\Users\rnavakoti\AppData\..., moz:useNonSpecCompliantPointerOrigin: false, moz:webdriverClick: true, pageLoadStrategy: normal, platform: XP, platformName: XP, platformVersion: 10.0, rotatable: false, timeouts: {implicit: 0, pageLoad: 300000, script: 30000}}
Session ID: e9702c7e-96b5-45a4-bf96-b6b0c6cea920">
      <![CDATA[org.openqa.selenium.NoSuchWindowException: Browsing context has been discarded
Build info: version: '3.14.0', revision: 'aacccce0', time: '2018-08-02T20:05:20.749Z'
System info: host: 'QINDW143', ip: '192.168.128.74', os.name: 'Windows 10', os.arch: 'amd64', os.version: '10.0', java.version: '1.8.0_191'
Driver info: org.openqa.selenium.firefox.FirefoxDriver
Capabilities {acceptInsecureCerts: true, browserName: firefox, browserVersion: 62.0.2, javascriptEnabled: true, moz:accessibilityChecks: false, moz:headless: false, moz:processID: 21828, moz:profile: C:\Users\rnavakoti\AppData\..., moz:useNonSpecCompliantPointerOrigin: false, moz:webdriverClick: true, pageLoadStrategy: normal, platform: XP, platformName: XP, platformVersion: 10.0, rotatable: false, timeouts: {implicit: 0, pageLoad: 300000, script: 30000}}
Session ID: e9702c7e-96b5-45a4-bf96-b6b0c6cea920
at org.openqa.selenium.remote.http.W3CHttpResponseCodec.createException(W3CHttpResponseCodec.java:187)
at org.openqa.selenium.remote.http.W3CHttpResponseCodec.decode(W3CHttpResponseCodec.java:122)
at org.openqa.selenium.remote.http.W3CHttpResponseCodec.decode(W3CHttpResponseCodec.java:49)
at org.openqa.selenium.remote.HttpCommandExecutor.execute(HttpCommandExecutor.java:158)
at org.openqa.selenium.remote.service.DriverCommandExecutor.execute(DriverCommandExecutor.java:83)
at org.openqa.selenium.remote.RemoteWebDriver.execute(RemoteWebDriver.java:548)
at org.openqa.selenium.remote.RemoteWebDriver.get(RemoteWebDriver.java:276)
at com.bonify.test.suites.Smoke_Tests.Suite_Setup(Smoke_Tests.java:39)
... Removed 24 stack frames]]>
    </failure>
  </testcase> <!-- @BeforeSuite Suite_Setup -->
  <testcase name="TC_01_Verify_Page_Titile" time="0.0" classname="com.bonify.test.suites.Smoke_Tests">
    <skipped/>
  </testcase> <!-- TC_01_Verify_Page_Titile -->
  <testcase name="TC_02_Verify_HeaderText" time="0.0" classname="com.bonify.test.suites.Smoke_Tests">
    <skipped/>
  </testcase> <!-- TC_02_Verify_HeaderText -->
  <testcase name="TC_03_Verify_UserName_Field" time="0.0" classname="com.bonify.test.suites.Smoke_Tests">
    <skipped/>
  </testcase> <!-- TC_03_Verify_UserName_Field -->
  <testcase name="TC_04_Verify_Password_Field" time="0.0" classname="com.bonify.test.suites.Smoke_Tests">
    <skipped/>
  </testcase> <!-- TC_04_Verify_Password_Field -->
  <testcase name="TC_05_Verify_Forgot_Password_Link" time="0.0" classname="com.bonify.test.suites.Smoke_Tests">
    <skipped/>
  </testcase> <!-- TC_05_Verify_Forgot_Password_Link -->
  <testcase name="TC_06_Verify_Login_Button" time="0.0" classname="com.bonify.test.suites.Smoke_Tests">
    <skipped/>
  </testcase> <!-- TC_06_Verify_Login_Button -->
  <testcase name="TC_07_Verify_Register_Button" time="0.0" classname="com.bonify.test.suites.Smoke_Tests">
    <skipped/>
  </testcase> <!-- TC_07_Verify_Register_Button -->
  <testcase name="TC_08_Verify_impressum_Link" time="0.0" classname="com.bonify.test.suites.Smoke_Tests">
    <skipped/>
  </testcase> <!-- TC_08_Verify_impressum_Link -->
  <testcase name="TC_09_Verify_AGB_Link" time="0.0" classname="com.bonify.test.suites.Smoke_Tests">
    <skipped/>
  </testcase> <!-- TC_09_Verify_AGB_Link -->
  <testcase name="TC_10_Verify_Datenschutz_Link" time="0.0" classname="com.bonify.test.suites.Smoke_Tests">
    <skipped/>
  </testcase> <!-- TC_10_Verify_Datenschutz_Link -->
  <testcase name="TC_11_Verify_Footer_Text" time="0.0" classname="com.bonify.test.suites.Smoke_Tests">
    <skipped/>
  </testcase> <!-- TC_11_Verify_Footer_Text -->
</testsuite> <!-- Test -->
